<?xml version="1.0" encoding="UTF-8"?>
<!-- Generated by org.testng.reporters.JUnitXMLReporter -->
<testsuite hostname="INCHELAP7PWG4D3" ignored="0" name="Default test" tests="3" failures="0" timestamp="2022-03-08T22:21:55 IST" time="0.06" errors="0">
  <testcase name="loginTest" time="0.007" classname="com.qa.concepts.DataProviderTest"/>
  <testcase name="loginTest" time="0.001" classname="com.qa.concepts.DataProviderTest"/>
  <testcase name="loginTest" time="0.001" classname="com.qa.concepts.DataProviderTest"/>
</testsuite> <!-- Default test -->
