<?xml version="1.0" encoding="UTF-8"?>
<!-- Generated by org.testng.reporters.JUnitXMLReporter -->
<testsuite hostname="DESKTOP-6O5RJI4" ignored="0" name="Default test" tests="3" failures="0" timestamp="2022-05-22T00:06:29 IST" time="0.055" errors="0">
  <testcase name="loginTest" time="0.0" classname="com.qa.concepts.DataProviderTest"/>
  <testcase name="loginTest" time="0.0" classname="com.qa.concepts.DataProviderTest"/>
  <testcase name="loginTest" time="0.0" classname="com.qa.concepts.DataProviderTest"/>
</testsuite> <!-- Default test -->
