<?xml version="1.0" encoding="UTF-8"?>
<testng-results skipped="0" failed="0" ignored="0" total="3" passed="3">
  <reporter-output>
  </reporter-output>
  <suite name="Default suite" duration-ms="60" started-at="2022-03-08T22:21:55 IST" finished-at="2022-03-08T22:21:55 IST">
    <groups>
    </groups>
    <test name="Default test" duration-ms="60" started-at="2022-03-08T22:21:55 IST" finished-at="2022-03-08T22:21:55 IST">
      <class name="com.qa.concepts.DataProviderTest">
        <test-method status="PASS" signature="loginTest(java.lang.String,java.lang.String)[pri:0, instance:com.qa.concepts.DataProviderTest@120d6fe6]" name="loginTest" duration-ms="7" started-at="2022-03-08T22:21:55 IST" data-provider="testData" finished-at="2022-03-08T22:21:55 IST">
          <params>
            <param index="0">
              <value>
                <![CDATA[test1]]>
              </value>
            </param>
            <param index="1">
              <value>
                <![CDATA[111]]>
              </value>
            </param>
          </params>
          <reporter-output>
          </reporter-output>
        </test-method> <!-- loginTest -->
        <test-method status="PASS" signature="loginTest(java.lang.String,java.lang.String)[pri:0, instance:com.qa.concepts.DataProviderTest@120d6fe6]" name="loginTest" duration-ms="1" started-at="2022-03-08T22:21:55 IST" data-provider="testData" finished-at="2022-03-08T22:21:55 IST">
          <params>
            <param index="0">
              <value>
                <![CDATA[test2]]>
              </value>
            </param>
            <param index="1">
              <value>
                <![CDATA[222]]>
              </value>
            </param>
          </params>
          <reporter-output>
          </reporter-output>
        </test-method> <!-- loginTest -->
        <test-method status="PASS" signature="loginTest(java.lang.String,java.lang.String)[pri:0, instance:com.qa.concepts.DataProviderTest@120d6fe6]" name="loginTest" duration-ms="1" started-at="2022-03-08T22:21:55 IST" data-provider="testData" finished-at="2022-03-08T22:21:55 IST">
          <params>
            <param index="0">
              <value>
                <![CDATA[test3]]>
              </value>
            </param>
            <param index="1">
              <value>
                <![CDATA[333]]>
              </value>
            </param>
          </params>
          <reporter-output>
          </reporter-output>
        </test-method> <!-- loginTest -->
      </class> <!-- com.qa.concepts.DataProviderTest -->
    </test> <!-- Default test -->
  </suite> <!-- Default suite -->
</testng-results>
