<?xml version="1.0" encoding="UTF-8"?>
<testng-results skipped="0" failed="0" ignored="0" total="3" passed="3">
  <reporter-output>
  </reporter-output>
  <suite name="Default suite" duration-ms="55" started-at="2022-05-22T00:06:29 IST" finished-at="2022-05-22T00:06:29 IST">
    <groups>
    </groups>
    <test name="Default test" duration-ms="55" started-at="2022-05-22T00:06:29 IST" finished-at="2022-05-22T00:06:29 IST">
      <class name="com.qa.concepts.DataProviderTest">
        <test-method status="PASS" signature="loginTest(java.lang.String,java.lang.String,java.lang.String)[pri:0, instance:com.qa.concepts.DataProviderTest@19dc67c2]" name="loginTest" duration-ms="0" started-at="2022-05-22T00:06:29 IST" data-provider="testData" finished-at="2022-05-22T00:06:29 IST">
          <params>
            <param index="0">
              <value>
                <![CDATA[test1]]>
              </value>
            </param>
            <param index="1">
              <value>
                <![CDATA[111]]>
              </value>
            </param>
            <param index="2">
              <value>
                <![CDATA[123]]>
              </value>
            </param>
          </params>
          <reporter-output>
          </reporter-output>
        </test-method> <!-- loginTest -->
        <test-method status="PASS" signature="loginTest(java.lang.String,java.lang.String,java.lang.String)[pri:0, instance:com.qa.concepts.DataProviderTest@19dc67c2]" name="loginTest" duration-ms="0" started-at="2022-05-22T00:06:29 IST" data-provider="testData" finished-at="2022-05-22T00:06:29 IST">
          <params>
            <param index="0">
              <value>
                <![CDATA[test3]]>
              </value>
            </param>
            <param index="1">
              <value>
                <![CDATA[333]]>
              </value>
            </param>
            <param index="2">
              <value>
                <![CDATA[908]]>
              </value>
            </param>
          </params>
          <reporter-output>
          </reporter-output>
        </test-method> <!-- loginTest -->
        <test-method status="PASS" signature="loginTest(java.lang.String,java.lang.String,java.lang.String)[pri:0, instance:com.qa.concepts.DataProviderTest@19dc67c2]" name="loginTest" duration-ms="0" started-at="2022-05-22T00:06:29 IST" data-provider="testData" finished-at="2022-05-22T00:06:29 IST">
          <params>
            <param index="0">
              <value>
                <![CDATA[test2]]>
              </value>
            </param>
            <param index="1">
              <value>
                <![CDATA[222]]>
              </value>
            </param>
            <param index="2">
              <value>
                <![CDATA[789]]>
              </value>
            </param>
          </params>
          <reporter-output>
          </reporter-output>
        </test-method> <!-- loginTest -->
      </class> <!-- com.qa.concepts.DataProviderTest -->
    </test> <!-- Default test -->
  </suite> <!-- Default suite -->
</testng-results>
